<?xml version="1.0" encoding="UTF-8"?>
<robot generator="Robot 6.0.2 (Python 3.11.2 on win32)" generated="20240213 00:30:16.073" rpa="false" schemaversion="3">
<suite id="s1" name="TS02-Authors" source="d:\fakerest\Test\TS02-Authors.robot">
<test id="s1-t1" name="User able to POST author with empty lastName." line="25">
<kw name="User POST author" library="authors">
<arg>2</arg>
<arg>2</arg>
<arg>John</arg>
<arg>${EMPTY}</arg>
<kw name="Create Dictionary" library="BuiltIn">
<var>${header}</var>
<arg>accept=application/json; v=1.0</arg>
<arg>Content-Type=application/json; v=1.0</arg>
<doc>Creates and returns a dictionary based on the given ``items``.</doc>
<msg timestamp="20240213 00:30:16.298" level="INFO">${header} = {'accept': 'application/json; v=1.0', 'Content-Type': 'application/json; v=1.0'}</msg>
<status status="PASS" starttime="20240213 00:30:16.297" endtime="20240213 00:30:16.300"/>
</kw>
<kw name="Create Dictionary" library="BuiltIn">
<var>${body}</var>
<arg>id=${id}</arg>
<arg>idBook=${idBook}</arg>
<arg>firstName=${firstName}</arg>
<arg>lastName=${lastName}</arg>
<doc>Creates and returns a dictionary based on the given ``items``.</doc>
<msg timestamp="20240213 00:30:16.300" level="INFO">${body} = {'id': '2', 'idBook': '2', 'firstName': 'John', 'lastName': ''}</msg>
<status status="PASS" starttime="20240213 00:30:16.300" endtime="20240213 00:30:16.301"/>
</kw>
<kw name="Create Session" library="RequestsLibrary">
<arg>postAuthors</arg>
<arg>${baseUrl}</arg>
<arg>disable_warnings=1</arg>
<arg>headers=${header}</arg>
<doc>Create Session: create a HTTP session to a server</doc>
<msg timestamp="20240213 00:30:16.301" level="INFO">Creating Session using : alias=postAuthors, url=https://fakerestapi.azurewebsites.net/, headers={'accept': 'application/json; v=1.0', 'Content-Type': 'application/json; v=1.0'},                     cookies={}, auth=None, timeout=None, proxies=None, verify=False,                     debug=0 </msg>
<status status="PASS" starttime="20240213 00:30:16.301" endtime="20240213 00:30:16.301"/>
</kw>
<kw name="POST On Session" library="RequestsLibrary">
<var>${postAuthors}</var>
<arg>postAuthors</arg>
<arg>/api/v1/Authors</arg>
<arg>json=${body}</arg>
<arg>expected_status=Anything</arg>
<doc>Sends a POST request on a previously created HTTP Session.</doc>
<msg timestamp="20240213 00:30:17.103" level="INFO">POST Request : url=https://fakerestapi.azurewebsites.net/api/v1/Authors 
 path_url=/api/v1/Authors 
 headers={'User-Agent': 'python-requests/2.28.1', 'Accept-Encoding': 'gzip, deflate', 'accept': 'application/json; v=1.0', 'Connection': 'keep-alive', 'Content-Type': 'application/json; v=1.0', 'Content-Length': '63'} 
 body=b'{"id": "2", "idBook": "2", "firstName": "John", "lastName": ""}' 
 </msg>
<msg timestamp="20240213 00:30:17.103" level="INFO">POST Response : url=https://fakerestapi.azurewebsites.net/api/v1/Authors 
 status=200, reason=OK 
 headers={'Content-Type': 'application/json; charset=utf-8; v=1.0', 'Date': 'Mon, 12 Feb 2024 17:30:15 GMT', 'Server': 'Kestrel', 'Transfer-Encoding': 'chunked', 'api-supported-versions': '1.0'} 
 body={"id":2,"idBook":2,"firstName":"John","lastName":""} 
 </msg>
<msg timestamp="20240213 00:30:17.104" level="INFO">${postAuthors} = &lt;Response [200]&gt;</msg>
<status status="PASS" starttime="20240213 00:30:16.302" endtime="20240213 00:30:17.104"/>
</kw>
<kw name="Set Variable" library="BuiltIn">
<var>${postAuthorsJson}</var>
<arg>${postAuthors.json}</arg>
<doc>Returns the given values which can then be assigned to a variables.</doc>
<msg timestamp="20240213 00:30:17.104" level="INFO">${postAuthorsJson} = &lt;bound method Response.json of &lt;Response [200]&gt;&gt;</msg>
<status status="PASS" starttime="20240213 00:30:17.104" endtime="20240213 00:30:17.105"/>
</kw>
<kw name="Convert To String" library="BuiltIn">
<var>${postAuthorsStatusCode}</var>
<arg>${postAuthors.status_code}</arg>
<doc>Converts the given item to a Unicode string.</doc>
<msg timestamp="20240213 00:30:17.105" level="INFO">${postAuthorsStatusCode} = 200</msg>
<status status="PASS" starttime="20240213 00:30:17.105" endtime="20240213 00:30:17.105"/>
</kw>
<kw name="Set Test Variable" library="BuiltIn">
<arg>${postAuthorsJson}</arg>
<doc>Makes a variable available everywhere within the scope of the current test.</doc>
<msg timestamp="20240213 00:30:17.106" level="INFO">${postAuthorsJson} = &lt;bound method Response.json of &lt;Response [200]&gt;&gt;</msg>
<status status="PASS" starttime="20240213 00:30:17.106" endtime="20240213 00:30:17.106"/>
</kw>
<kw name="Set Test Variable" library="BuiltIn">
<arg>${postAuthorsStatusCode}</arg>
<doc>Makes a variable available everywhere within the scope of the current test.</doc>
<msg timestamp="20240213 00:30:17.106" level="INFO">${postAuthorsStatusCode} = 200</msg>
<status status="PASS" starttime="20240213 00:30:17.106" endtime="20240213 00:30:17.107"/>
</kw>
<status status="PASS" starttime="20240213 00:30:16.296" endtime="20240213 00:30:17.107"/>
</kw>
<kw name="User validate POST authors status code." library="authors">
<arg>200</arg>
<kw name="Should Be Equal" library="BuiltIn">
<arg>${postAuthorsStatusCode}</arg>
<arg>${expectedStatusCode}</arg>
<doc>Fails if the given objects are unequal.</doc>
<status status="PASS" starttime="20240213 00:30:17.108" endtime="20240213 00:30:17.108"/>
</kw>
<status status="PASS" starttime="20240213 00:30:17.107" endtime="20240213 00:30:17.108"/>
</kw>
<status status="PASS" starttime="20240213 00:30:16.296" endtime="20240213 00:30:17.109"/>
</test>
<status status="PASS" starttime="20240213 00:30:16.077" endtime="20240213 00:30:17.111"/>
</suite>
<statistics>
<total>
<stat pass="1" fail="0" skip="0">All Tests</stat>
</total>
<tag>
</tag>
<suite>
<stat pass="1" fail="0" skip="0" id="s1" name="TS02-Authors">TS02-Authors</stat>
</suite>
</statistics>
<errors>
</errors>
</robot>
